2025-08-07T12:44:23:   ▲ Next.js 14.2.16
2025-08-07T12:44:23:   - Local:        http://localhost:4000
2025-08-07T12:44:23: 
2025-08-07T12:44:23:  ✓ Starting...
2025-08-07T12:44:24:   ▲ Next.js 14.2.16
2025-08-07T12:44:24:   - Local:        http://localhost:4000
2025-08-07T12:44:24: 
2025-08-07T12:44:24:  ✓ Starting...
2025-08-07T12:44:25:   ▲ Next.js 14.2.16
2025-08-07T12:44:25:   - Local:        http://localhost:4000
2025-08-07T12:44:25: 
2025-08-07T12:44:25:  ✓ Starting...
2025-08-07T12:44:25:   ▲ Next.js 14.2.16
2025-08-07T12:44:25:   - Local:        http://localhost:4000
2025-08-07T12:44:25: 
2025-08-07T12:44:25:  ✓ Starting...
2025-08-07T12:44:26:   ▲ Next.js 14.2.16
2025-08-07T12:44:26:   - Local:        http://localhost:4000
2025-08-07T12:44:26: 
2025-08-07T12:44:26:  ✓ Starting...
2025-08-07T12:44:27:   ▲ Next.js 14.2.16
2025-08-07T12:44:27:   - Local:        http://localhost:4000
2025-08-07T12:44:27: 
2025-08-07T12:44:27:  ✓ Starting...
2025-08-07T12:44:28:   ▲ Next.js 14.2.16
2025-08-07T12:44:28:   - Local:        http://localhost:4000
2025-08-07T12:44:28: 
2025-08-07T12:44:28:  ✓ Starting...
2025-08-07T12:44:29:   ▲ Next.js 14.2.16
2025-08-07T12:44:29:   - Local:        http://localhost:4000
2025-08-07T12:44:29: 
2025-08-07T12:44:29:  ✓ Starting...
2025-08-07T12:44:30:   ▲ Next.js 14.2.16
2025-08-07T12:44:30:   - Local:        http://localhost:4000
2025-08-07T12:44:30: 
2025-08-07T12:44:30:  ✓ Starting...
2025-08-07T12:44:32:   ▲ Next.js 14.2.16
2025-08-07T12:44:32:   - Local:        http://localhost:4000
2025-08-07T12:44:32: 
2025-08-07T12:44:32:  ✓ Starting...
2025-08-07T12:44:33:   ▲ Next.js 14.2.16
2025-08-07T12:44:33:   - Local:        http://localhost:4000
2025-08-07T12:44:33: 
2025-08-07T12:44:33:  ✓ Starting...
2025-08-07T12:44:34:   ▲ Next.js 14.2.16
2025-08-07T12:44:34:   - Local:        http://localhost:4000
2025-08-07T12:44:34: 
2025-08-07T12:44:34:  ✓ Starting...
2025-08-07T12:44:35:   ▲ Next.js 14.2.16
2025-08-07T12:44:35:   - Local:        http://localhost:4000
2025-08-07T12:44:35: 
2025-08-07T12:44:35:  ✓ Starting...
2025-08-07T12:44:35:   ▲ Next.js 14.2.16
2025-08-07T12:44:35:   - Local:        http://localhost:4000
2025-08-07T12:44:35: 
2025-08-07T12:44:35:  ✓ Starting...
2025-08-07T12:44:36:   ▲ Next.js 14.2.16
2025-08-07T12:44:36:   - Local:        http://localhost:4000
2025-08-07T12:44:36: 
2025-08-07T12:44:36:  ✓ Starting...
2025-08-07T12:44:37:   ▲ Next.js 14.2.16
2025-08-07T12:44:37:   - Local:        http://localhost:4000
2025-08-07T12:44:37: 
2025-08-07T12:44:37:  ✓ Starting...
2025-08-07T12:44:38:   ▲ Next.js 14.2.16
2025-08-07T12:44:38:   - Local:        http://localhost:4000
2025-08-07T12:44:38: 
2025-08-07T12:44:38:  ✓ Starting...
2025-08-07T12:44:39:   ▲ Next.js 14.2.16
2025-08-07T12:44:39:   - Local:        http://localhost:4000
2025-08-07T12:44:39: 
2025-08-07T12:44:39:  ✓ Starting...
2025-08-07T12:44:40:   ▲ Next.js 14.2.16
2025-08-07T12:44:40:   - Local:        http://localhost:4000
2025-08-07T12:44:40: 
2025-08-07T12:44:40:  ✓ Starting...
2025-08-07T12:44:41:   ▲ Next.js 14.2.16
2025-08-07T12:44:41:   - Local:        http://localhost:4000
2025-08-07T12:44:41: 
2025-08-07T12:44:41:  ✓ Starting...
2025-08-07T12:44:41:   ▲ Next.js 14.2.16
2025-08-07T12:44:41:   - Local:        http://localhost:4000
2025-08-07T12:44:41: 
2025-08-07T12:44:41:  ✓ Starting...
2025-08-07T12:44:42:   ▲ Next.js 14.2.16
2025-08-07T12:44:42:   - Local:        http://localhost:4000
2025-08-07T12:44:42: 
2025-08-07T12:44:42:  ✓ Starting...
2025-08-07T12:44:43:   ▲ Next.js 14.2.16
2025-08-07T12:44:43:   - Local:        http://localhost:4000
2025-08-07T12:44:43: 
2025-08-07T12:44:43:  ✓ Starting...
2025-08-07T12:44:44:   ▲ Next.js 14.2.16
2025-08-07T12:44:44:   - Local:        http://localhost:4000
2025-08-07T12:44:44: 
2025-08-07T12:44:44:  ✓ Starting...
2025-08-07T12:44:44:   ▲ Next.js 14.2.16
2025-08-07T12:44:44:   - Local:        http://localhost:4000
2025-08-07T12:44:44: 
2025-08-07T12:44:44:  ✓ Starting...
2025-08-07T12:44:45:   ▲ Next.js 14.2.16
2025-08-07T12:44:45:   - Local:        http://localhost:4000
2025-08-07T12:44:45: 
2025-08-07T12:44:45:  ✓ Starting...
2025-08-07T12:44:46:   ▲ Next.js 14.2.16
2025-08-07T12:44:46:   - Local:        http://localhost:4000
2025-08-07T12:44:46: 
2025-08-07T12:44:46:  ✓ Starting...
2025-08-07T12:44:47:   ▲ Next.js 14.2.16
2025-08-07T12:44:47:   - Local:        http://localhost:4000
2025-08-07T12:44:47: 
2025-08-07T12:44:47:  ✓ Starting...
2025-08-07T12:44:48:   ▲ Next.js 14.2.16
2025-08-07T12:44:48:   - Local:        http://localhost:4000
2025-08-07T12:44:48: 
2025-08-07T12:44:48:  ✓ Starting...
2025-08-07T12:44:49:   ▲ Next.js 14.2.16
2025-08-07T12:44:49:   - Local:        http://localhost:4000
2025-08-07T12:44:49: 
2025-08-07T12:44:49:  ✓ Starting...
2025-08-07T12:44:50:   ▲ Next.js 14.2.16
2025-08-07T12:44:50:   - Local:        http://localhost:4000
2025-08-07T12:44:50: 
2025-08-07T12:44:50:  ✓ Starting...
2025-08-07T12:44:50:   ▲ Next.js 14.2.16
2025-08-07T12:44:50:   - Local:        http://localhost:4000
2025-08-07T12:44:50: 
2025-08-07T12:44:50:  ✓ Starting...
2025-08-07T12:44:51:   ▲ Next.js 14.2.16
2025-08-07T12:44:51:   - Local:        http://localhost:4000
2025-08-07T12:44:51: 
2025-08-07T12:44:51:  ✓ Starting...
2025-08-07T12:44:52:   ▲ Next.js 14.2.16
2025-08-07T12:44:52:   - Local:        http://localhost:4000
2025-08-07T12:44:52: 
2025-08-07T12:44:52:  ✓ Starting...
2025-08-07T12:44:53:   ▲ Next.js 14.2.16
2025-08-07T12:44:53:   - Local:        http://localhost:4000
2025-08-07T12:44:53: 
2025-08-07T12:44:53:  ✓ Starting...
2025-08-07T12:44:54:   ▲ Next.js 14.2.16
2025-08-07T12:44:54:   - Local:        http://localhost:4000
2025-08-07T12:44:54: 
2025-08-07T12:44:54:  ✓ Starting...
2025-08-07T12:44:54:   ▲ Next.js 14.2.16
2025-08-07T12:44:54:   - Local:        http://localhost:4000
2025-08-07T12:44:54: 
2025-08-07T12:44:54:  ✓ Starting...
2025-08-07T12:44:55:   ▲ Next.js 14.2.16
2025-08-07T12:44:55:   - Local:        http://localhost:4000
2025-08-07T12:44:55: 
2025-08-07T12:44:55:  ✓ Starting...
2025-08-07T12:44:56:   ▲ Next.js 14.2.16
2025-08-07T12:44:56:   - Local:        http://localhost:4000
2025-08-07T12:44:56: 
2025-08-07T12:44:56:  ✓ Starting...
2025-08-07T12:44:57:   ▲ Next.js 14.2.16
2025-08-07T12:44:57:   - Local:        http://localhost:4000
2025-08-07T12:44:57: 
2025-08-07T12:44:57:  ✓ Starting...
2025-08-07T12:44:57:   ▲ Next.js 14.2.16
2025-08-07T12:44:57:   - Local:        http://localhost:4000
2025-08-07T12:44:57: 
2025-08-07T12:44:57:  ✓ Starting...
2025-08-07T12:44:58:   ▲ Next.js 14.2.16
2025-08-07T12:44:58:   - Local:        http://localhost:4000
2025-08-07T12:44:58: 
2025-08-07T12:44:58:  ✓ Starting...
2025-08-07T12:44:59:   ▲ Next.js 14.2.16
2025-08-07T12:44:59:   - Local:        http://localhost:4000
2025-08-07T12:44:59: 
2025-08-07T12:44:59:  ✓ Starting...
2025-08-07T12:45:00:   ▲ Next.js 14.2.16
2025-08-07T12:45:00:   - Local:        http://localhost:4000
2025-08-07T12:45:00: 
2025-08-07T12:45:00:  ✓ Starting...
2025-08-07T12:45:01:   ▲ Next.js 14.2.16
2025-08-07T12:45:01:   - Local:        http://localhost:4000
2025-08-07T12:45:01: 
2025-08-07T12:45:01:  ✓ Starting...
2025-08-07T12:45:02:   ▲ Next.js 14.2.16
2025-08-07T12:45:02:   - Local:        http://localhost:4000
2025-08-07T12:45:02: 
2025-08-07T12:45:02:  ✓ Starting...
2025-08-07T12:45:04:   ▲ Next.js 14.2.16
2025-08-07T12:45:04:   - Local:        http://localhost:4000
2025-08-07T12:45:04: 
2025-08-07T12:45:04:  ✓ Starting...
2025-08-07T12:45:05:   ▲ Next.js 14.2.16
2025-08-07T12:45:05:   - Local:        http://localhost:4000
2025-08-07T12:45:05: 
2025-08-07T12:45:05:  ✓ Starting...
2025-08-07T12:45:06:   ▲ Next.js 14.2.16
2025-08-07T12:45:06:   - Local:        http://localhost:4000
2025-08-07T12:45:06: 
2025-08-07T12:45:06:  ✓ Starting...
2025-08-07T12:45:07:   ▲ Next.js 14.2.16
2025-08-07T12:45:07:   - Local:        http://localhost:4000
2025-08-07T12:45:07: 
2025-08-07T12:45:07:  ✓ Starting...
2025-08-07T12:45:07:   ▲ Next.js 14.2.16
2025-08-07T12:45:07:   - Local:        http://localhost:4000
2025-08-07T12:45:07: 
2025-08-07T12:45:07:  ✓ Starting...
2025-08-07T12:45:08:   ▲ Next.js 14.2.16
2025-08-07T12:45:08:   - Local:        http://localhost:4000
2025-08-07T12:45:08: 
2025-08-07T12:45:08:  ✓ Starting...
2025-08-07T12:45:09:   ▲ Next.js 14.2.16
2025-08-07T12:45:09:   - Local:        http://localhost:4000
2025-08-07T12:45:09: 
2025-08-07T12:45:09:  ✓ Starting...
2025-08-07T12:45:10:   ▲ Next.js 14.2.16
2025-08-07T12:45:10:   - Local:        http://localhost:4000
2025-08-07T12:45:10: 
2025-08-07T12:45:10:  ✓ Starting...
2025-08-07T12:45:11:   ▲ Next.js 14.2.16
2025-08-07T12:45:11:   - Local:        http://localhost:4000
2025-08-07T12:45:11: 
2025-08-07T12:45:11:  ✓ Starting...
2025-08-07T12:45:11:   ▲ Next.js 14.2.16
2025-08-07T12:45:11:   - Local:        http://localhost:4000
2025-08-07T12:45:11: 
2025-08-07T12:45:11:  ✓ Starting...
2025-08-07T12:45:12:   ▲ Next.js 14.2.16
2025-08-07T12:45:12:   - Local:        http://localhost:4000
2025-08-07T12:45:12: 
2025-08-07T12:45:12:  ✓ Starting...
2025-08-07T12:45:13:   ▲ Next.js 14.2.16
2025-08-07T12:45:13:   - Local:        http://localhost:4000
2025-08-07T12:45:13: 
2025-08-07T12:45:13:  ✓ Starting...
2025-08-07T12:45:14:   ▲ Next.js 14.2.16
2025-08-07T12:45:14:   - Local:        http://localhost:4000
2025-08-07T12:45:14: 
2025-08-07T12:45:14:  ✓ Starting...
2025-08-07T12:45:15:   ▲ Next.js 14.2.16
2025-08-07T12:45:15:   - Local:        http://localhost:4000
2025-08-07T12:45:15: 
2025-08-07T12:45:15:  ✓ Starting...
2025-08-07T12:45:15:   ▲ Next.js 14.2.16
2025-08-07T12:45:15:   - Local:        http://localhost:4000
2025-08-07T12:45:15: 
2025-08-07T12:45:15:  ✓ Starting...
2025-08-07T12:45:16:   ▲ Next.js 14.2.16
2025-08-07T12:45:16:   - Local:        http://localhost:4000
2025-08-07T12:45:16: 
2025-08-07T12:45:16:  ✓ Starting...
2025-08-07T12:45:17:   ▲ Next.js 14.2.16
2025-08-07T12:45:17:   - Local:        http://localhost:4000
2025-08-07T12:45:17: 
2025-08-07T12:45:17:  ✓ Starting...
2025-08-07T12:45:18:   ▲ Next.js 14.2.16
2025-08-07T12:45:18:   - Local:        http://localhost:4000
2025-08-07T12:45:18: 
2025-08-07T12:45:18:  ✓ Starting...
2025-08-07T12:45:19:   ▲ Next.js 14.2.16
2025-08-07T12:45:19:   - Local:        http://localhost:4000
2025-08-07T12:45:19: 
2025-08-07T12:45:19:  ✓ Starting...
2025-08-07T12:45:20:   ▲ Next.js 14.2.16
2025-08-07T12:45:20:   - Local:        http://localhost:4000
2025-08-07T12:45:20: 
2025-08-07T12:45:20:  ✓ Starting...
2025-08-07T12:45:20:   ▲ Next.js 14.2.16
2025-08-07T12:45:20:   - Local:        http://localhost:4000
2025-08-07T12:45:20: 
2025-08-07T12:45:20:  ✓ Starting...
2025-08-07T12:45:21:   ▲ Next.js 14.2.16
2025-08-07T12:45:21:   - Local:        http://localhost:4000
2025-08-07T12:45:21: 
2025-08-07T12:45:21:  ✓ Starting...
2025-08-07T12:45:22:   ▲ Next.js 14.2.16
2025-08-07T12:45:22:   - Local:        http://localhost:4000
2025-08-07T12:45:22: 
2025-08-07T12:45:22:  ✓ Starting...
2025-08-07T12:45:23:   ▲ Next.js 14.2.16
2025-08-07T12:45:23:   - Local:        http://localhost:4000
2025-08-07T12:45:23: 
2025-08-07T12:45:23:  ✓ Starting...
2025-08-07T12:45:24:   ▲ Next.js 14.2.16
2025-08-07T12:45:24:   - Local:        http://localhost:4000
2025-08-07T12:45:24: 
2025-08-07T12:45:24:  ✓ Starting...
2025-08-07T12:45:25:   ▲ Next.js 14.2.16
2025-08-07T12:45:25:   - Local:        http://localhost:4000
2025-08-07T12:45:25: 
2025-08-07T12:45:25:  ✓ Starting...
2025-08-07T12:45:26:   ▲ Next.js 14.2.16
2025-08-07T12:45:26:   - Local:        http://localhost:4000
2025-08-07T12:45:26: 
2025-08-07T12:45:26:  ✓ Starting...
2025-08-07T12:45:27:   ▲ Next.js 14.2.16
2025-08-07T12:45:27:   - Local:        http://localhost:4000
2025-08-07T12:45:27: 
2025-08-07T12:45:27:  ✓ Starting...
2025-08-07T12:45:28:   ▲ Next.js 14.2.16
2025-08-07T12:45:28:   - Local:        http://localhost:4000
2025-08-07T12:45:28: 
2025-08-07T12:45:28:  ✓ Starting...
2025-08-07T12:45:29:   ▲ Next.js 14.2.16
2025-08-07T12:45:29:   - Local:        http://localhost:4000
2025-08-07T12:45:29: 
2025-08-07T12:45:29:  ✓ Starting...
2025-08-07T12:45:30:   ▲ Next.js 14.2.16
2025-08-07T12:45:30:   - Local:        http://localhost:4000
2025-08-07T12:45:30: 
2025-08-07T12:45:30:  ✓ Starting...
2025-08-07T12:45:31:   ▲ Next.js 14.2.16
2025-08-07T12:45:31:   - Local:        http://localhost:4000
2025-08-07T12:45:31: 
2025-08-07T12:45:31:  ✓ Starting...
2025-08-07T12:45:32:   ▲ Next.js 14.2.16
2025-08-07T12:45:32:   - Local:        http://localhost:4000
2025-08-07T12:45:32: 
2025-08-07T12:45:32:  ✓ Starting...
2025-08-07T12:45:34:   ▲ Next.js 14.2.16
2025-08-07T12:45:34:   - Local:        http://localhost:4000
2025-08-07T12:45:34: 
2025-08-07T12:45:34:  ✓ Starting...
2025-08-07T12:45:35:   ▲ Next.js 14.2.16
2025-08-07T12:45:35:   - Local:        http://localhost:4000
2025-08-07T12:45:35: 
2025-08-07T12:45:35:  ✓ Starting...
2025-08-07T12:45:36:   ▲ Next.js 14.2.16
2025-08-07T12:45:36:   - Local:        http://localhost:4000
2025-08-07T12:45:36: 
2025-08-07T12:45:36:  ✓ Starting...
2025-08-07T12:45:37:   ▲ Next.js 14.2.16
2025-08-07T12:45:37:   - Local:        http://localhost:4000
2025-08-07T12:45:37: 
2025-08-07T12:45:37:  ✓ Starting...
2025-08-07T12:45:39:   ▲ Next.js 14.2.16
2025-08-07T12:45:39:   - Local:        http://localhost:4000
2025-08-07T12:45:39: 
2025-08-07T12:45:39:  ✓ Starting...
2025-08-07T12:45:41:   ▲ Next.js 14.2.16
2025-08-07T12:45:41:   - Local:        http://localhost:4000
2025-08-07T12:45:41: 
2025-08-07T12:45:41:  ✓ Starting...
2025-08-07T12:45:42:   ▲ Next.js 14.2.16
2025-08-07T12:45:42:   - Local:        http://localhost:4000
2025-08-07T12:45:42: 
2025-08-07T12:45:42:  ✓ Starting...
2025-08-07T12:45:43:   ▲ Next.js 14.2.16
2025-08-07T12:45:43:   - Local:        http://localhost:4000
2025-08-07T12:45:43: 
2025-08-07T12:45:43:  ✓ Starting...
2025-08-07T12:45:45:   ▲ Next.js 14.2.16
2025-08-07T12:45:45:   - Local:        http://localhost:4000
2025-08-07T12:45:45: 
2025-08-07T12:45:45:  ✓ Starting...
2025-08-07T12:45:46:   ▲ Next.js 14.2.16
2025-08-07T12:45:46:   - Local:        http://localhost:4000
2025-08-07T12:45:46: 
2025-08-07T12:45:46:  ✓ Starting...
2025-08-07T12:45:47:   ▲ Next.js 14.2.16
2025-08-07T12:45:47:   - Local:        http://localhost:4000
2025-08-07T12:45:47: 
2025-08-07T12:45:47:  ✓ Starting...
2025-08-07T12:45:48:   ▲ Next.js 14.2.16
2025-08-07T12:45:48:   - Local:        http://localhost:4000
2025-08-07T12:45:48: 
2025-08-07T12:45:48:  ✓ Starting...
2025-08-07T12:45:49:   ▲ Next.js 14.2.16
2025-08-07T12:45:49:   - Local:        http://localhost:4000
2025-08-07T12:45:49: 
2025-08-07T12:45:49:  ✓ Starting...
2025-08-07T12:45:50:   ▲ Next.js 14.2.16
2025-08-07T12:45:50:   - Local:        http://localhost:4000
2025-08-07T12:45:50: 
2025-08-07T12:45:50:  ✓ Starting...
2025-08-07T12:45:51:   ▲ Next.js 14.2.16
2025-08-07T12:45:51:   - Local:        http://localhost:4000
2025-08-07T12:45:51: 
2025-08-07T12:45:51:  ✓ Starting...
2025-08-07T12:45:52:   ▲ Next.js 14.2.16
2025-08-07T12:45:52:   - Local:        http://localhost:4000
2025-08-07T12:45:52: 
2025-08-07T12:45:52:  ✓ Starting...
2025-08-07T12:45:53:   ▲ Next.js 14.2.16
2025-08-07T12:45:53:   - Local:        http://localhost:4000
2025-08-07T12:45:53: 
2025-08-07T12:45:53:  ✓ Starting...
2025-08-07T12:45:54:   ▲ Next.js 14.2.16
2025-08-07T12:45:54:   - Local:        http://localhost:4000
2025-08-07T12:45:54: 
2025-08-07T12:45:54:  ✓ Starting...
2025-08-07T12:45:55:   ▲ Next.js 14.2.16
2025-08-07T12:45:55:   - Local:        http://localhost:4000
2025-08-07T12:45:55: 
2025-08-07T12:45:55:  ✓ Starting...
2025-08-07T12:45:56:   ▲ Next.js 14.2.16
2025-08-07T12:45:56:   - Local:        http://localhost:4000
2025-08-07T12:45:56: 
2025-08-07T12:45:56:  ✓ Starting...
2025-08-07T12:45:57:   ▲ Next.js 14.2.16
2025-08-07T12:45:57:   - Local:        http://localhost:4000
2025-08-07T12:45:57: 
2025-08-07T12:45:57:  ✓ Starting...
2025-08-07T12:45:59:   ▲ Next.js 14.2.16
2025-08-07T12:45:59:   - Local:        http://localhost:4000
2025-08-07T12:45:59: 
2025-08-07T12:45:59:  ✓ Starting...
2025-08-07T12:46:00:   ▲ Next.js 14.2.16
2025-08-07T12:46:00:   - Local:        http://localhost:4000
2025-08-07T12:46:00: 
2025-08-07T12:46:00:  ✓ Starting...
2025-08-07T12:46:01:   ▲ Next.js 14.2.16
2025-08-07T12:46:01:   - Local:        http://localhost:4000
2025-08-07T12:46:01: 
2025-08-07T12:46:01:  ✓ Starting...
2025-08-07T12:46:02:   ▲ Next.js 14.2.16
2025-08-07T12:46:02:   - Local:        http://localhost:4000
2025-08-07T12:46:02: 
2025-08-07T12:46:02:  ✓ Starting...
2025-08-07T12:46:04:   ▲ Next.js 14.2.16
2025-08-07T12:46:04:   - Local:        http://localhost:4000
2025-08-07T12:46:04: 
2025-08-07T12:46:04:  ✓ Starting...
2025-08-07T12:46:05:   ▲ Next.js 14.2.16
2025-08-07T12:46:05:   - Local:        http://localhost:4000
2025-08-07T12:46:05: 
2025-08-07T12:46:05:  ✓ Starting...
2025-08-07T12:46:07:   ▲ Next.js 14.2.16
2025-08-07T12:46:07:   - Local:        http://localhost:4000
2025-08-07T12:46:07: 
2025-08-07T12:46:07:  ✓ Starting...
2025-08-07T12:46:09:   ▲ Next.js 14.2.16
2025-08-07T12:46:09:   - Local:        http://localhost:4000
2025-08-07T12:46:09: 
2025-08-07T12:46:09:  ✓ Starting...
2025-08-07T12:46:10:   ▲ Next.js 14.2.16
2025-08-07T12:46:10:   - Local:        http://localhost:4000
2025-08-07T12:46:10: 
2025-08-07T12:46:10:  ✓ Starting...
2025-08-07T12:46:12:   ▲ Next.js 14.2.16
2025-08-07T12:46:12:   - Local:        http://localhost:4000
2025-08-07T12:46:12: 
2025-08-07T12:46:12:  ✓ Starting...
2025-08-07T12:46:12:  ✓ Ready in 1428ms
